#
# There is insufficient memory for the Java Runtime Environment to continue.
# Native memory allocation (malloc) failed to allocate 429856 bytes for Chunk::new
# Possible reasons:
#   The system is out of physical RAM or swap space
#   The process is running with CompressedOops enabled, and the Java Heap may be blocking the growth of the native heap
# Possible solutions:
#   Reduce memory load on the system
#   Increase physical memory or swap space
#   Check if swap backing store is full
#   Decrease Java heap size (-Xmx/-Xms)
#   Decrease number of Java threads
#   Decrease Java thread stack sizes (-Xss)
#   Set larger code cache with -XX:ReservedCodeCacheSize=
#   JVM is running with Unscaled Compressed Oops mode in which the Java heap is
#     placed in the first 4GB address space. The Java Heap base address is the
#     maximum limit for the native heap growth. Please use -XX:HeapBaseMinAddress
#     to set the Java Heap base and to place the Java Heap above 4GB virtual address.
# This output file may be truncated or incomplete.
#
#  Out of Memory Error (allocation.cpp:389), pid=12456, tid=0x000000000000276c
#
# JRE version: Java(TM) SE Runtime Environment (8.0_241-b07) (build 1.8.0_241-b07)
# Java VM: Java HotSpot(TM) 64-Bit Server VM (25.241-b07 mixed mode windows-amd64 compressed oops)
# Failed to write core dump. Minidumps are not enabled by default on client versions of Windows
#

---------------  T H R E A D  ---------------

Current thread (0x0000000017978000):  JavaThread "C2 CompilerThread1" daemon [_thread_in_native, id=10092, stack(0x00000000190d0000,0x00000000191d0000)]

Stack: [0x00000000190d0000,0x00000000191d0000]
[error occurred during error reporting (printing stack bounds), id 0xc0000005]

Native frames: (J=compiled Java code, j=interpreted, Vv=VM code, C=native code)


Current CompileTask:
C2:  29387 1219       4       java.io.WinNTFileSystem::normalize (143 bytes)


---------------  P R O C E S S  ---------------

Java Threads: ( => current thread )
  0x0000000019954000 JavaThread "background-preinit" [_thread_in_Java, id=12760, stack(0x000000001a750000,0x000000001a850000)]
  0x00000000192d8800 JavaThread "Service Thread" daemon [_thread_blocked, id=10832, stack(0x00000000196d0000,0x00000000197d0000)]
  0x000000001797b000 JavaThread "C1 CompilerThread2" daemon [_thread_in_native, id=8968, stack(0x00000000191d0000,0x00000000192d0000)]
=>0x0000000017978000 JavaThread "C2 CompilerThread1" daemon [_thread_in_native, id=10092, stack(0x00000000190d0000,0x00000000191d0000)]
  0x0000000017973000 JavaThread "C2 CompilerThread0" daemon [_thread_blocked, id=3124, stack(0x0000000018fd0000,0x00000000190d0000)]
  0x000000001796d800 JavaThread "Attach Listener" daemon [_thread_blocked, id=6640, stack(0x0000000018ed0000,0x0000000018fd0000)]
  0x000000001796c000 JavaThread "Signal Dispatcher" daemon [_thread_blocked, id=13560, stack(0x0000000018dd0000,0x0000000018ed0000)]
  0x0000000002e1c800 JavaThread "Finalizer" daemon [_thread_blocked, id=12964, stack(0x0000000018bd0000,0x0000000018cd0000)]
  0x0000000002e12000 JavaThread "Reference Handler" daemon [_thread_blocked, id=14248, stack(0x0000000018ad0000,0x0000000018bd0000)]
  0x000000000127e800 JavaThread "main" [_thread_in_native, id=12684, stack(0x0000000002b30000,0x0000000002c30000)]

Other Threads:
  0x0000000017937800 VMThread [stack: 0x00000000189d0000,0x0000000018ad0000] [id=5496]
  0x00000000192f1000 WatcherThread [stack: 0x00000000197d0000,0x00000000198d0000] [id=7288]

VM state:not at safepoint (normal execution)

VM Mutex/Monitor currently owned by a thread: None

heap address: 0x0000000081800000, size: 2024 MB, Compressed Oops mode: 32-bit
Narrow klass base: 0x0000000000000000, Narrow klass shift: 3
Compressed class space size: 1073741824 Address: 0x0000000100000000

Heap:
 PSYoungGen      total 38400K, used 7489K [0x00000000d5d80000, 0x00000000d8800000, 0x0000000100000000)
  eden space 33280K, 7% used [0x00000000d5d80000,0x00000000d5fd49c0,0x00000000d7e00000)
  from space 5120K, 99% used [0x00000000d8300000,0x00000000d87fbad0,0x00000000d8800000)
  to   space 5120K, 0% used [0x00000000d7e00000,0x00000000d7e00000,0x00000000d8300000)
 ParOldGen       total 87552K, used 5990K [0x0000000081800000, 0x0000000086d80000, 0x00000000d5d80000)
  object space 87552K, 6% used [0x0000000081800000,0x0000000081dd9b10,0x0000000086d80000)
 Metaspace       used 15401K, capacity 15586K, committed 15872K, reserved 1062912K
  class space    used 1922K, capacity 1957K, committed 2048K, reserved 1048576K

Card table byte_map: [0x00000000121e0000,0x00000000125e0000] byte_map_base: 0x0000000011dd4000

Marking Bits: (ParMarkBitMap*) 0x000000005d8cbe30
 Begin Bits: [0x0000000012c90000, 0x0000000014c30000)
 End Bits:   [0x0000000014c30000, 0x0000000016bd0000)

Polling page: 0x0000000000d40000

CodeCache: size=245760Kb used=4572Kb max_used=4572Kb free=241187Kb
 bounds [0x0000000002e20000, 0x00000000032a0000, 0x0000000011e20000]
 total_blobs=1547 nmethods=1226 adapters=233
 compilation: enabled

Compilation events (10 events):
Event: 29.335 Thread 0x0000000017973000 1240       4       com.sun.org.apache.xerces.internal.impl.XMLEntityScanner::checkEntityLimit (50 bytes)
Event: 29.336 Thread 0x0000000017973000 nmethod 1240 0x000000000324fc50 code [0x000000000324fd80, 0x000000000324fe38]
Event: 29.337 Thread 0x000000001797b000 nmethod 1236 0x000000000324ff10 code [0x0000000003250360, 0x0000000003253088]
Event: 29.337 Thread 0x000000001797b000 1241       3       com.sun.org.apache.xerces.internal.util.SymbolTable::hash (53 bytes)
Event: 29.338 Thread 0x000000001797b000 nmethod 1241 0x000000000324c190 code [0x000000000324c300, 0x000000000324c5c8]
Event: 29.338 Thread 0x000000001797b000 1237       3       org.apache.tomcat.util.IntrospectionUtils::findMethods (33 bytes)
Event: 29.338 Thread 0x000000001797b000 nmethod 1237 0x000000000324b850 code [0x000000000324ba20, 0x000000000324bfb8]
Event: 29.338 Thread 0x000000001797b000 1242       3       com.sun.org.apache.xerces.internal.xni.XMLString::setValues (16 bytes)
Event: 29.338 Thread 0x000000001797b000 nmethod 1242 0x000000000324b510 code [0x000000000324b660, 0x000000000324b7d0]
Event: 29.338 Thread 0x000000001797b000 1239       3       com.sun.org.apache.xerces.internal.impl.XMLEntityScanner::checkLimit (253 bytes)

GC Heap History (4 events):
Event: 20.444 GC heap before
{Heap before GC invocations=1 (full 0):
 PSYoungGen      total 38400K, used 33280K [0x00000000d5d80000, 0x00000000d8800000, 0x0000000100000000)
  eden space 33280K, 100% used [0x00000000d5d80000,0x00000000d7e00000,0x00000000d7e00000)
  from space 5120K, 0% used [0x00000000d8300000,0x00000000d8300000,0x00000000d8800000)
  to   space 5120K, 0% used [0x00000000d7e00000,0x00000000d7e00000,0x00000000d8300000)
 ParOldGen       total 87552K, used 0K [0x0000000081800000, 0x0000000086d80000, 0x00000000d5d80000)
  object space 87552K, 0% used [0x0000000081800000,0x0000000081800000,0x0000000086d80000)
 Metaspace       used 9989K, capacity 10070K, committed 10240K, reserved 1058816K
  class space    used 1172K, capacity 1203K, committed 1280K, reserved 1048576K
Event: 20.529 GC heap after
Heap after GC invocations=1 (full 0):
 PSYoungGen      total 38400K, used 5118K [0x00000000d5d80000, 0x00000000d8800000, 0x0000000100000000)
  eden space 33280K, 0% used [0x00000000d5d80000,0x00000000d5d80000,0x00000000d7e00000)
  from space 5120K, 99% used [0x00000000d7e00000,0x00000000d82ff988,0x00000000d8300000)
  to   space 5120K, 0% used [0x00000000d8300000,0x00000000d8300000,0x00000000d8800000)
 ParOldGen       total 87552K, used 1392K [0x0000000081800000, 0x0000000086d80000, 0x00000000d5d80000)
  object space 87552K, 1% used [0x0000000081800000,0x000000008195c2c8,0x0000000086d80000)
 Metaspace       used 9989K, capacity 10070K, committed 10240K, reserved 1058816K
  class space    used 1172K, capacity 1203K, committed 1280K, reserved 1048576K
}
Event: 29.038 GC heap before
{Heap before GC invocations=2 (full 0):
 PSYoungGen      total 38400K, used 38398K [0x00000000d5d80000, 0x00000000d8800000, 0x0000000100000000)
  eden space 33280K, 100% used [0x00000000d5d80000,0x00000000d7e00000,0x00000000d7e00000)
  from space 5120K, 99% used [0x00000000d7e00000,0x00000000d82ff988,0x00000000d8300000)
  to   space 5120K, 0% used [0x00000000d8300000,0x00000000d8300000,0x00000000d8800000)
 ParOldGen       total 87552K, used 1392K [0x0000000081800000, 0x0000000086d80000, 0x00000000d5d80000)
  object space 87552K, 1% used [0x0000000081800000,0x000000008195c2c8,0x0000000086d80000)
 Metaspace       used 15266K, capacity 15376K, committed 15616K, reserved 1062912K
  class space    used 1918K, capacity 1954K, committed 2048K, reserved 1048576K
Event: 29.052 GC heap after
Heap after GC invocations=2 (full 0):
 PSYoungGen      total 38400K, used 5102K [0x00000000d5d80000, 0x00000000d8800000, 0x0000000100000000)
  eden space 33280K, 0% used [0x00000000d5d80000,0x00000000d5d80000,0x00000000d7e00000)
  from space 5120K, 99% used [0x00000000d8300000,0x00000000d87fbad0,0x00000000d8800000)
  to   space 5120K, 0% used [0x00000000d7e00000,0x00000000d7e00000,0x00000000d8300000)
 ParOldGen       total 87552K, used 5990K [0x0000000081800000, 0x0000000086d80000, 0x00000000d5d80000)
  object space 87552K, 6% used [0x0000000081800000,0x0000000081dd9b10,0x0000000086d80000)
 Metaspace       used 15266K, capacity 15376K, committed 15616K, reserved 1062912K
  class space    used 1918K, capacity 1954K, committed 2048K, reserved 1048576K
}

Deoptimization events (10 events):
Event: 25.577 Thread 0x000000000127e800 Uncommon trap: reason=unstable_if action=reinterpret pc=0x000000000306c974 method=java.util.HashMap.hash(Ljava/lang/Object;)I @ 1
Event: 25.578 Thread 0x000000000127e800 Uncommon trap: reason=unstable_if action=reinterpret pc=0x0000000003047928 method=java.util.HashMap.hash(Ljava/lang/Object;)I @ 1
Event: 26.757 Thread 0x000000000127e800 Uncommon trap: reason=unstable_if action=reinterpret pc=0x0000000003119f08 method=java.util.HashMap.putVal(ILjava/lang/Object;Ljava/lang/Object;ZZ)Ljava/lang/Object; @ 193
Event: 26.905 Thread 0x0000000019954000 Uncommon trap: reason=unstable_if action=reinterpret pc=0x00000000030c4b10 method=java.util.Properties$LineReader.readLine()I @ 252
Event: 26.906 Thread 0x0000000019954000 Uncommon trap: reason=unstable_if action=reinterpret pc=0x00000000030ad974 method=java.util.Properties$LineReader.readLine()I @ 252
Event: 26.920 Thread 0x000000000127e800 Uncommon trap: reason=unstable_if action=reinterpret pc=0x00000000031202b4 method=java.util.HashMap.putVal(ILjava/lang/Object;Ljava/lang/Object;ZZ)Ljava/lang/Object; @ 193
Event: 28.159 Thread 0x000000000127e800 Uncommon trap: reason=class_check action=maybe_recompile pc=0x0000000003114fbc method=java.util.regex.Pattern$CharProperty.match(Ljava/util/regex/Matcher;ILjava/lang/CharSequence;)Z @ 37
Event: 28.159 Thread 0x000000000127e800 Uncommon trap: reason=class_check action=maybe_recompile pc=0x0000000003114fbc method=java.util.regex.Pattern$CharProperty.match(Ljava/util/regex/Matcher;ILjava/lang/CharSequence;)Z @ 37
Event: 28.159 Thread 0x000000000127e800 Uncommon trap: reason=class_check action=maybe_recompile pc=0x0000000003114fbc method=java.util.regex.Pattern$CharProperty.match(Ljava/util/regex/Matcher;ILjava/lang/CharSequence;)Z @ 37
Event: 28.159 Thread 0x000000000127e800 Uncommon trap: reason=class_check action=maybe_recompile pc=0x0000000003114fbc method=java.util.regex.Pattern$CharProperty.match(Ljava/util/regex/Matcher;ILjava/lang/CharSequence;)Z @ 37

Classes redefined (0 events):
No events

Internal exceptions (10 events):
Event: 25.376 Thread 0x000000000127e800 Exception <a 'java/lang/NoSuchMethodError': org.slf4j.impl.StaticMDCBinder.getSingleton()Lorg/slf4j/impl/StaticMDCBinder;> (0x00000000d6c3ad70) thrown at [C:\ade\jenkins\workspace\8-2-build-windows-amd64-cygwin\jdk8u241\331\hotspot\src\share\vm\interprete
Event: 25.577 Thread 0x000000000127e800 Implicit null exception at 0x000000000306c795 to 0x000000000306c965
Event: 25.578 Thread 0x000000000127e800 Implicit null exception at 0x00000000030478af to 0x0000000003047919
Event: 27.603 Thread 0x000000000127e800 Exception <a 'java/lang/ClassNotFoundException': java/lang/ObjectCustomizer> (0x00000000d7400cd0) thrown at [C:\ade\jenkins\workspace\8-2-build-windows-amd64-cygwin\jdk8u241\331\hotspot\src\share\vm\classfile\systemDictionary.cpp, line 210]
Event: 27.605 Thread 0x000000000127e800 Exception <a 'java/lang/ClassNotFoundException': org/springframework/context/annotation/ConfigurationClassPostProcessorCustomizer> (0x00000000d7412148) thrown at [C:\ade\jenkins\workspace\8-2-build-windows-amd64-cygwin\jdk8u241\331\hotspot\src\share\vm\cl
Event: 27.607 Thread 0x000000000127e800 Exception <a 'java/lang/ClassNotFoundException': org/springframework/beans/factory/support/BeanDefinitionRegistryPostProcessorCustomizer> (0x00000000d74320d8) thrown at [C:\ade\jenkins\workspace\8-2-build-windows-amd64-cygwin\jdk8u241\331\hotspot\src\shar
Event: 27.608 Thread 0x000000000127e800 Exception <a 'java/lang/ClassNotFoundException': org/springframework/core/PriorityOrderedCustomizer> (0x00000000d743cb98) thrown at [C:\ade\jenkins\workspace\8-2-build-windows-amd64-cygwin\jdk8u241\331\hotspot\src\share\vm\classfile\systemDictionary.cpp, 
Event: 27.609 Thread 0x000000000127e800 Exception <a 'java/lang/ClassNotFoundException': org/springframework/context/ResourceLoaderAwareCustomizer> (0x00000000d7447290) thrown at [C:\ade\jenkins\workspace\8-2-build-windows-amd64-cygwin\jdk8u241\331\hotspot\src\share\vm\classfile\systemDictionar
Event: 27.609 Thread 0x000000000127e800 Exception <a 'java/lang/ClassNotFoundException': org/springframework/beans/factory/BeanClassLoaderAwareCustomizer> (0x00000000d7453818) thrown at [C:\ade\jenkins\workspace\8-2-build-windows-amd64-cygwin\jdk8u241\331\hotspot\src\share\vm\classfile\systemDi
Event: 27.610 Thread 0x000000000127e800 Exception <a 'java/lang/ClassNotFoundException': org/springframework/context/EnvironmentAwareCustomizer> (0x00000000d745ec48) thrown at [C:\ade\jenkins\workspace\8-2-build-windows-amd64-cygwin\jdk8u241\331\hotspot\src\share\vm\classfile\systemDictionary.c

Events (10 events):
Event: 29.054 Executing VM operation: RevokeBias
Event: 29.055 Executing VM operation: RevokeBias done
Event: 29.055 Executing VM operation: RevokeBias
Event: 29.055 Executing VM operation: RevokeBias done
Event: 29.055 loading class java/util/function/UnaryOperator
Event: 29.068 loading class org/springframework/boot/autoconfigure/condition/ConditionalOnSingleCandidate
Event: 29.068 loading class org/springframework/boot/autoconfigure/condition/ConditionalOnSingleCandidate done
Event: 29.100 loading class java/util/function/UnaryOperator done
Event: 29.100 loading class java/util/Spliterator
Event: 29.227 loading class java/util/Spliterator done


Dynamic libraries:
0x00007ff7670b0000 - 0x00007ff7670e7000 	C:\Program Files\Java\jre1.8.0_241\bin\javaw.exe
0x00007ffa81d40000 - 0x00007ffa81f30000 	C:\WINDOWS\SYSTEM32\ntdll.dll
0x00007ffa81210000 - 0x00007ffa812c2000 	C:\WINDOWS\System32\KERNEL32.DLL
0x00007ffa7ee50000 - 0x00007ffa7f0f4000 	C:\WINDOWS\System32\KERNELBASE.dll
0x00007ffa81630000 - 0x00007ffa816d3000 	C:\WINDOWS\System32\ADVAPI32.dll
0x00007ffa7ff50000 - 0x00007ffa7ffee000 	C:\WINDOWS\System32\msvcrt.dll
0x00007ffa81c60000 - 0x00007ffa81cf7000 	C:\WINDOWS\System32\sechost.dll
0x00007ffa81b40000 - 0x00007ffa81c60000 	C:\WINDOWS\System32\RPCRT4.dll
0x00007ffa81070000 - 0x00007ffa81204000 	C:\WINDOWS\System32\USER32.dll
0x00007ffa7ee20000 - 0x00007ffa7ee41000 	C:\WINDOWS\System32\win32u.dll
0x00007ffa81b10000 - 0x00007ffa81b36000 	C:\WINDOWS\System32\GDI32.dll
0x00007ffa7f210000 - 0x00007ffa7f3a5000 	C:\WINDOWS\System32\gdi32full.dll
0x00007ffa7fb30000 - 0x00007ffa7fbce000 	C:\WINDOWS\System32\msvcp_win.dll
0x00007ffa7fcf0000 - 0x00007ffa7fdea000 	C:\WINDOWS\System32\ucrtbase.dll
0x00007ffa6bbb0000 - 0x00007ffa6be34000 	C:\WINDOWS\WinSxS\amd64_microsoft.windows.common-controls_6595b64144ccf1df_6.0.18362.900_none_e6beb9d913147d17\COMCTL32.dll
0x00007ffa812e0000 - 0x00007ffa81615000 	C:\WINDOWS\System32\combase.dll
0x00007ffa7fc20000 - 0x00007ffa7fca0000 	C:\WINDOWS\System32\bcryptPrimitives.dll
0x00007ffa80200000 - 0x00007ffa8022e000 	C:\WINDOWS\System32\IMM32.DLL
0x000000005d950000 - 0x000000005da22000 	C:\Program Files\Java\jre1.8.0_241\bin\msvcr100.dll
0x000000005d0a0000 - 0x000000005d94c000 	C:\Program Files\Java\jre1.8.0_241\bin\server\jvm.dll
0x00007ffa7fff0000 - 0x00007ffa7fff8000 	C:\WINDOWS\System32\PSAPI.DLL
0x00007ffa71f60000 - 0x00007ffa71f6a000 	C:\WINDOWS\SYSTEM32\VERSION.dll
0x00007ffa7c090000 - 0x00007ffa7c0b4000 	C:\WINDOWS\SYSTEM32\WINMM.dll
0x00007ffa7c060000 - 0x00007ffa7c08d000 	C:\WINDOWS\SYSTEM32\WINMMBASE.dll
0x00007ffa7fca0000 - 0x00007ffa7fcea000 	C:\WINDOWS\System32\cfgmgr32.dll
0x00007ffa7d710000 - 0x00007ffa7d719000 	C:\WINDOWS\SYSTEM32\WSOCK32.dll
0x0000000001280000 - 0x00000000012ef000 	C:\WINDOWS\System32\ws2_32.DLL
0x00007ffa78a00000 - 0x00007ffa78a0f000 	C:\Program Files\Java\jre1.8.0_241\bin\verify.dll
0x00007ffa65da0000 - 0x00007ffa65dc9000 	C:\Program Files\Java\jre1.8.0_241\bin\java.dll
0x00007ffa6c350000 - 0x00007ffa6c366000 	C:\Program Files\Java\jre1.8.0_241\bin\zip.dll
0x00007ffa80980000 - 0x00007ffa81066000 	C:\WINDOWS\System32\SHELL32.dll
0x00007ffa800f0000 - 0x00007ffa80199000 	C:\WINDOWS\System32\shcore.dll
0x00007ffa7f3b0000 - 0x00007ffa7fb30000 	C:\WINDOWS\System32\windows.storage.dll
0x00007ffa7ec10000 - 0x00007ffa7ec33000 	C:\WINDOWS\System32\profapi.dll
0x00007ffa7ec80000 - 0x00007ffa7ecca000 	C:\WINDOWS\System32\powrprof.dll
0x00007ffa7ec00000 - 0x00007ffa7ec10000 	C:\WINDOWS\System32\UMPDC.dll
0x00007ffa80230000 - 0x00007ffa80282000 	C:\WINDOWS\System32\shlwapi.dll
0x00007ffa7ec60000 - 0x00007ffa7ec71000 	C:\WINDOWS\System32\kernel.appcore.dll
0x00007ffa7fbd0000 - 0x00007ffa7fbe7000 	C:\WINDOWS\System32\cryptsp.dll
0x00007ffa759a0000 - 0x00007ffa759ad000 	C:\Program Files\Java\jre1.8.0_241\bin\management.dll
0x00007ffa5f870000 - 0x00007ffa5f88a000 	C:\Program Files\Java\jre1.8.0_241\bin\net.dll
0x00007ffa7e410000 - 0x00007ffa7e477000 	C:\WINDOWS\system32\mswsock.dll
0x00007ffa6c3b0000 - 0x00007ffa6c3c6000 	C:\WINDOWS\system32\napinsp.dll
0x00007ffa6c390000 - 0x00007ffa6c3aa000 	C:\WINDOWS\system32\pnrpnsp.dll
0x00007ffa7e160000 - 0x00007ffa7e22b000 	C:\WINDOWS\SYSTEM32\DNSAPI.dll
0x00007ffa812d0000 - 0x00007ffa812d8000 	C:\WINDOWS\System32\NSI.dll
0x00007ffa7e120000 - 0x00007ffa7e15a000 	C:\WINDOWS\SYSTEM32\IPHLPAPI.DLL
0x00007ffa6c370000 - 0x00007ffa6c37e000 	C:\WINDOWS\System32\winrnr.dll
0x00007ffa7b1a0000 - 0x00007ffa7b1bc000 	C:\WINDOWS\system32\NLAapi.dll
0x00007ffa790f0000 - 0x00007ffa79105000 	C:\WINDOWS\system32\wshbth.dll
0x00007ffa76120000 - 0x00007ffa7612a000 	C:\Windows\System32\rasadhlp.dll
0x00007ffa72d40000 - 0x00007ffa72db7000 	C:\WINDOWS\System32\fwpuclnt.dll
0x00007ffa7fbf0000 - 0x00007ffa7fc16000 	C:\WINDOWS\System32\bcrypt.dll

VM Arguments:
jvm_args: -Dfile.encoding=UTF-8 
java_command: io.springbootstarter.CourseApiApp
java_class_path (initial): C:\Users\Manish\eclipse-workspace\SpringBootProject\target\classes;C:\Users\Manish\.m2\repository\org\springframework\boot\spring-boot-starter-web\1.4.2.RELEASE\spring-boot-starter-web-1.4.2.RELEASE.jar;C:\Users\Manish\.m2\repository\org\springframework\boot\spring-boot-starter\1.4.2.RELEASE\spring-boot-starter-1.4.2.RELEASE.jar;C:\Users\Manish\.m2\repository\org\springframework\boot\spring-boot\1.4.2.RELEASE\spring-boot-1.4.2.RELEASE.jar;C:\Users\Manish\.m2\repository\org\springframework\boot\spring-boot-autoconfigure\1.4.2.RELEASE\spring-boot-autoconfigure-1.4.2.RELEASE.jar;C:\Users\Manish\.m2\repository\org\springframework\boot\spring-boot-starter-logging\1.4.2.RELEASE\spring-boot-starter-logging-1.4.2.RELEASE.jar;C:\Users\Manish\.m2\repository\ch\qos\logback\logback-classic\1.1.7\logback-classic-1.1.7.jar;C:\Users\Manish\.m2\repository\ch\qos\logback\logback-core\1.1.7\logback-core-1.1.7.jar;C:\Users\Manish\.m2\repository\org\slf4j\slf4j-api\1.7.21\slf4j-api-1.7.21.jar;C:\Users\Manish\.m2\repository\org\slf4j\jcl-over-slf4j\1.7.21\jcl-over-slf4j-1.7.21.jar;C:\Users\Manish\.m2\repository\org\slf4j\jul-to-slf4j\1.7.21\jul-to-slf4j-1.7.21.jar;C:\Users\Manish\.m2\repository\org\slf4j\log4j-over-slf4j\1.7.21\log4j-over-slf4j-1.7.21.jar;C:\Users\Manish\.m2\repository\org\springframework\spring-core\4.3.4.RELEASE\spring-core-4.3.4.RELEASE.jar;C:\Users\Manish\.m2\repository\org\yaml\snakeyaml\1.17\snakeyaml-1.17.jar;C:\Users\Manish\.m2\repository\org\springframework\boot\spring-boot-starter-tomcat\1.4.2.RELEASE\spring-boot-starter-tomcat-1.4.2.RELEASE.jar;C:\Users\Manish\.m2\repository\org\apache\tomcat\embed\tomcat-embed-core\8.5.6\tomcat-embed-core-8.5.6.jar;C:\Users\Manish\.m2\repository\org\apache\tomcat\embed\tomcat-embed-el\8.5.6\tomcat-embed-el-8.5.6.jar;C:\Users\Manish\.m2\repository\org\apache\tomcat\embed\tomcat-embed-websocket\8.5.6\tomcat-embed-websocket-8.5.6.jar;C:\Users\Manish\.m2\repository\org\hibernate\hibernate-validator\5
Launcher Type: SUN_STANDARD

Environment Variables:
PATH=C:/Program Files/Java/jdk1.8.0_241/bin/../jre/bin/server;C:/Program Files/Java/jdk1.8.0_241/bin/../jre/bin;C:/Program Files/Java/jdk1.8.0_241/bin/../jre/lib/amd64;C:\Program Files\Java\jdk1.8.0_241\bin;C:\Program Files (x86)\Intel\iCLS Client\;C:\Program Files\Intel\iCLS Client\;C:\WINDOWS\system32;C:\WINDOWS;C:\WINDOWS\System32\Wbem;C:\WINDOWS\System32\WindowsPowerShell\v1.0\;C:\Program Files (x86)\Intel\Intel(R) Management Engine Components\DAL;C:\Program Files\Intel\Intel(R) Management Engine Components\DAL;C:\Program Files (x86)\Intel\Intel(R) Management Engine Components\IPT;C:\Program Files\Intel\Intel(R) Management Engine Components\IPT;C:\WINDOWS\System32\OpenSSH\;C:\Users\Manish\AppData\Local\Programs\Python\Python38\Scripts\;C:\Users\Manish\AppData\Local\Programs\Python\Python38\;C:\Users\Manish\AppData\Local\Microsoft\WindowsApps;C:\Users\Manish\AppData\Local\GitHubDesktop\bin;C:\Users\Manish\AppData\Local\Microsoft\WindowsApps;;C:\WINDOWS\system32;
USERNAME=Manish
OS=Windows_NT
PROCESSOR_IDENTIFIER=Intel64 Family 6 Model 61 Stepping 4, GenuineIntel



---------------  S Y S T E M  ---------------

OS: Windows 10.0 , 64 bit Build 18362 (10.0.18362.900)

CPU:total 4 (initial active 4) (2 cores per cpu, 2 threads per core) family 6 model 61 stepping 4, cmov, cx8, fxsr, mmx, sse, sse2, sse3, ssse3, sse4.1, sse4.2, popcnt, avx, avx2, aes, clmul, erms, 3dnowpref, lzcnt, ht, tsc, tscinvbit, bmi1, bmi2, adx

Memory: 4k page, physical 8287684k(1409196k free), swap 33453508k(6572k free)

vm_info: Java HotSpot(TM) 64-Bit Server VM (25.241-b07) for windows-amd64 JRE (1.8.0_241-b07), built on Dec 11 2019 10:21:40 by "rejava" with MS VC++ 10.0 (VS2010)

time: Wed Jul 01 14:37:43 2020
timezone: Eastern Daylight Time
elapsed time: 29 seconds (0d 0h 0m 29s)

